<?xml version="1.0" encoding="UTF-8"?>
<testng-results ignored="0" total="1" passed="1" failed="0" skipped="0">
  <reporter-output>
  </reporter-output>
  <suite started-at="2024-08-01T00:51:20 IST" name="Default suite" finished-at="2024-08-01T00:51:33 IST" duration-ms="13137">
    <groups>
    </groups>
    <test started-at="2024-08-01T00:51:20 IST" name="Default test" finished-at="2024-08-01T00:51:33 IST" duration-ms="13137">
      <class name="vidhyaPrakashAutomation.SwordSynergy.SynergyEntry">
        <test-method is-config="true" signature="launchApplication()[pri:0, instance:vidhyaPrakashAutomation.SwordSynergy.SynergyEntry@4f32a3ad]" started-at="2024-08-01T00:51:20 IST" name="launchApplication" finished-at="2024-08-01T00:51:28 IST" duration-ms="8493" status="PASS">
          <reporter-output>
          </reporter-output>
        </test-method> <!-- launchApplication -->
        <test-method signature="synergyEntry()[pri:0, instance:vidhyaPrakashAutomation.SwordSynergy.SynergyEntry@4f32a3ad]" started-at="2024-08-01T00:51:28 IST" name="synergyEntry" finished-at="2024-08-01T00:51:32 IST" duration-ms="3945" status="PASS">
          <reporter-output>
          </reporter-output>
        </test-method> <!-- synergyEntry -->
        <test-method is-config="true" signature="tearDown()[pri:0, instance:vidhyaPrakashAutomation.SwordSynergy.SynergyEntry@4f32a3ad]" started-at="2024-08-01T00:51:32 IST" name="tearDown" finished-at="2024-08-01T00:51:33 IST" duration-ms="644" status="PASS">
          <reporter-output>
          </reporter-output>
        </test-method> <!-- tearDown -->
      </class> <!-- vidhyaPrakashAutomation.SwordSynergy.SynergyEntry -->
    </test> <!-- Default test -->
  </suite> <!-- Default suite -->
</testng-results>
