<?xml version="1.0" encoding="UTF-8"?>
<testng-results ignored="0" total="1" passed="1" failed="0" skipped="0">
  <reporter-output>
  </reporter-output>
  <suite started-at="2024-08-02T13:35:07 IST" name="Suite" finished-at="2024-08-02T13:35:17 IST" duration-ms="10442">
    <groups>
    </groups>
    <test started-at="2024-08-02T13:35:07 IST" name="Test" finished-at="2024-08-02T13:35:17 IST" duration-ms="10442">
      <class name="vidhyaPrakashAutomation.SwordSynergy.SynergyEntry">
        <test-method is-config="true" signature="launchApplication()[pri:0, instance:vidhyaPrakashAutomation.SwordSynergy.SynergyEntry@35dab4eb]" started-at="2024-08-02T13:35:07 IST" name="launchApplication" finished-at="2024-08-02T13:35:14 IST" duration-ms="6991" status="PASS">
          <reporter-output>
          </reporter-output>
        </test-method> <!-- launchApplication -->
        <test-method signature="synergyEntry()[pri:0, instance:vidhyaPrakashAutomation.SwordSynergy.SynergyEntry@35dab4eb]" started-at="2024-08-02T13:35:14 IST" name="synergyEntry" finished-at="2024-08-02T13:35:17 IST" duration-ms="3238" status="PASS">
          <reporter-output>
          </reporter-output>
        </test-method> <!-- synergyEntry -->
        <test-method is-config="true" signature="tearDown()[pri:0, instance:vidhyaPrakashAutomation.SwordSynergy.SynergyEntry@35dab4eb]" started-at="2024-08-02T13:35:17 IST" name="tearDown" finished-at="2024-08-02T13:35:17 IST" duration-ms="158" status="PASS">
          <reporter-output>
          </reporter-output>
        </test-method> <!-- tearDown -->
      </class> <!-- vidhyaPrakashAutomation.SwordSynergy.SynergyEntry -->
    </test> <!-- Test -->
  </suite> <!-- Suite -->
</testng-results>
